2025-02-24 13:55:36.634 | INFO     | main:startup:26 - Application started
2025-02-24 15:27:28.303 | INFO     | main:startup:26 - Application started
2025-02-24 15:30:33.582 | INFO     | main:startup:26 - Application started
2025-02-24 15:30:34.042 | INFO     | utils.websocket:connect:12 - WebSocket connected
2025-02-24 15:30:38.267 | INFO     | utils.websocket:connect:12 - WebSocket connected
2025-02-24 15:31:34.299 | INFO     | agents.kpi_monitoring:monitor_kpis:7 - Monitoring KPIs for CELL001
2025-02-24 15:31:34.313 | WARNING  | agents.kpi_monitoring:monitor_kpis:13 - No numeric data for CELL001
2025-02-24 15:31:34.315 | INFO     | agents.kpi_monitoring:monitor_kpis:7 - Monitoring KPIs for CELL001
2025-02-24 15:31:34.317 | WARNING  | agents.kpi_monitoring:monitor_kpis:13 - No numeric data for CELL001
2025-02-24 15:31:34.321 | INFO     | agents.prediction:predict_kpis:9 - Generating predictions for CELL001
2025-02-24 15:31:34.324 | WARNING  | agents.prediction:predict_kpis:15 - No numeric data for prediction in CELL001
2025-02-24 15:31:34.329 | INFO     | agents.prediction:predict_kpis:9 - Generating predictions for CELL001
2025-02-24 15:31:34.332 | WARNING  | agents.prediction:predict_kpis:15 - No numeric data for prediction in CELL001
2025-02-24 15:31:37.165 | INFO     | utils.websocket:connect:12 - WebSocket connected
2025-02-24 15:31:37.189 | INFO     | utils.websocket:connect:12 - WebSocket connected
2025-02-24 15:42:19.266 | INFO     | agents.kpi_monitoring:monitor_kpis:7 - Monitoring KPIs for CELL001
2025-02-24 15:42:19.270 | WARNING  | agents.kpi_monitoring:monitor_kpis:13 - No numeric data for CELL001
2025-02-24 15:42:19.275 | INFO     | agents.kpi_monitoring:monitor_kpis:7 - Monitoring KPIs for CELL001
2025-02-24 15:42:19.277 | WARNING  | agents.kpi_monitoring:monitor_kpis:13 - No numeric data for CELL001
2025-02-24 15:42:19.281 | INFO     | agents.prediction:predict_kpis:9 - Generating predictions for CELL001
2025-02-24 15:42:19.284 | WARNING  | agents.prediction:predict_kpis:15 - No numeric data for prediction in CELL001
2025-02-24 15:42:19.286 | INFO     | agents.prediction:predict_kpis:9 - Generating predictions for CELL001
2025-02-24 15:42:19.289 | WARNING  | agents.prediction:predict_kpis:15 - No numeric data for prediction in CELL001
2025-02-24 15:42:19.561 | INFO     | utils.websocket:connect:12 - WebSocket connected
2025-02-24 15:42:20.596 | INFO     | utils.websocket:connect:12 - WebSocket connected
2025-02-24 15:47:43.596 | INFO     | main:startup:26 - Application started
2025-02-24 15:48:53.122 | INFO     | agents.kpi_monitoring:monitor_kpis:7 - Monitoring KPIs for CELL001
2025-02-24 15:48:53.133 | WARNING  | agents.kpi_monitoring:monitor_kpis:13 - No numeric data for CELL001
2025-02-24 15:48:53.138 | INFO     | agents.kpi_monitoring:monitor_kpis:7 - Monitoring KPIs for CELL001
2025-02-24 15:48:53.142 | WARNING  | agents.kpi_monitoring:monitor_kpis:13 - No numeric data for CELL001
2025-02-24 15:48:53.149 | INFO     | agents.prediction:predict_kpis:9 - Generating predictions for CELL001
2025-02-24 15:48:53.152 | WARNING  | agents.prediction:predict_kpis:15 - No numeric data for prediction in CELL001
2025-02-24 15:48:53.155 | INFO     | agents.prediction:predict_kpis:9 - Generating predictions for CELL001
2025-02-24 15:48:53.158 | WARNING  | agents.prediction:predict_kpis:15 - No numeric data for prediction in CELL001
2025-02-24 15:48:53.425 | INFO     | utils.websocket:connect:12 - WebSocket connected
2025-02-24 15:48:54.436 | INFO     | utils.websocket:connect:12 - WebSocket connected
2025-02-24 15:54:54.174 | INFO     | main:startup:26 - Application started
2025-02-24 15:56:03.429 | INFO     | agents.kpi_monitoring:monitor_kpis:7 - Monitoring KPIs for CELL001
2025-02-24 15:56:03.436 | WARNING  | agents.kpi_monitoring:monitor_kpis:13 - No numeric data for CELL001
2025-02-24 15:56:03.440 | INFO     | agents.kpi_monitoring:monitor_kpis:7 - Monitoring KPIs for CELL001
2025-02-24 15:56:03.443 | WARNING  | agents.kpi_monitoring:monitor_kpis:13 - No numeric data for CELL001
2025-02-24 15:56:03.451 | INFO     | agents.prediction:predict_kpis:9 - Generating predictions for CELL001
2025-02-24 15:56:03.453 | WARNING  | agents.prediction:predict_kpis:15 - No numeric data for prediction in CELL001
2025-02-24 15:56:03.456 | INFO     | agents.prediction:predict_kpis:9 - Generating predictions for CELL001
2025-02-24 15:56:03.459 | WARNING  | agents.prediction:predict_kpis:15 - No numeric data for prediction in CELL001
2025-02-24 15:56:03.727 | INFO     | utils.websocket:connect:12 - WebSocket connected
2025-02-24 15:56:04.743 | INFO     | utils.websocket:connect:12 - WebSocket connected
2025-02-24 16:01:57.441 | INFO     | main:startup:26 - Application started
2025-02-24 16:02:23.054 | INFO     | agents.kpi_monitoring:monitor_kpis:7 - Monitoring KPIs for CELL001
2025-02-24 16:02:23.061 | WARNING  | agents.kpi_monitoring:monitor_kpis:13 - No numeric data for CELL001
2025-02-24 16:02:23.066 | INFO     | agents.kpi_monitoring:monitor_kpis:7 - Monitoring KPIs for CELL001
2025-02-24 16:02:23.069 | WARNING  | agents.kpi_monitoring:monitor_kpis:13 - No numeric data for CELL001
2025-02-24 16:02:23.076 | INFO     | agents.prediction:predict_kpis:9 - Generating predictions for CELL001
2025-02-24 16:02:23.078 | WARNING  | agents.prediction:predict_kpis:15 - No numeric data for prediction in CELL001
2025-02-24 16:02:23.083 | INFO     | agents.prediction:predict_kpis:9 - Generating predictions for CELL001
2025-02-24 16:02:23.086 | WARNING  | agents.prediction:predict_kpis:15 - No numeric data for prediction in CELL001
2025-02-24 16:02:23.363 | INFO     | utils.websocket:connect:12 - WebSocket connected
2025-02-24 16:02:24.367 | INFO     | utils.websocket:connect:12 - WebSocket connected
2025-02-24 16:10:42.059 | INFO     | utils.websocket:connect:12 - WebSocket connected
2025-02-24 16:17:29.713 | INFO     | main:startup:27 - Application started
2025-02-24 16:17:29.977 | INFO     | utils.websocket:connect:12 - WebSocket connected
2025-02-24 16:17:31.237 | INFO     | utils.websocket:connect:12 - WebSocket connected
2025-02-24 16:18:01.244 | INFO     | utils.websocket:disconnect:17 - WebSocket disconnected
2025-02-24 16:18:01.246 | INFO     | utils.websocket:disconnect:17 - WebSocket disconnected
2025-02-24 16:29:13.654 | INFO     | main:startup:27 - Application started
2025-02-24 16:29:36.277 | INFO     | agents.kpi_monitoring:monitor_kpis:7 - Monitoring KPIs for CELL001
2025-02-24 16:29:36.283 | WARNING  | agents.kpi_monitoring:monitor_kpis:13 - No numeric data found for CELL001. Ensure your data source contains numeric columns.
2025-02-24 16:29:36.287 | INFO     | agents.kpi_monitoring:monitor_kpis:7 - Monitoring KPIs for CELL001
2025-02-24 16:29:36.289 | WARNING  | agents.kpi_monitoring:monitor_kpis:13 - No numeric data found for CELL001. Ensure your data source contains numeric columns.
2025-02-24 16:29:36.305 | INFO     | agents.prediction:predict_kpis:9 - Generating predictions for CELL001
2025-02-24 16:29:36.306 | WARNING  | agents.prediction:predict_kpis:15 - No numeric data found for prediction in CELL001. Ensure your data source contains numeric columns.
2025-02-24 16:29:36.309 | INFO     | agents.prediction:predict_kpis:9 - Generating predictions for CELL001
2025-02-24 16:29:36.311 | WARNING  | agents.prediction:predict_kpis:15 - No numeric data found for prediction in CELL001. Ensure your data source contains numeric columns.
2025-02-24 16:29:36.589 | INFO     | utils.websocket:connect:12 - WebSocket connected
2025-02-24 16:29:37.592 | INFO     | utils.websocket:connect:12 - WebSocket connected
2025-02-24 16:34:07.785 | INFO     | utils.websocket:disconnect:17 - WebSocket disconnected
2025-02-24 16:34:07.785 | INFO     | utils.websocket:disconnect:17 - WebSocket disconnected
2025-02-24 16:34:55.974 | INFO     | main:startup:27 - Application started
2025-02-24 16:34:56.625 | INFO     | utils.websocket:connect:12 - WebSocket connected
2025-02-24 16:34:56.646 | INFO     | utils.websocket:connect:12 - WebSocket connected
2025-02-24 16:35:13.133 | INFO     | utils.websocket:disconnect:17 - WebSocket disconnected
2025-02-24 16:35:13.134 | INFO     | utils.websocket:disconnect:17 - WebSocket disconnected
2025-02-24 16:35:25.991 | INFO     | agents.kpi_monitoring:monitor_kpis:7 - Monitoring KPIs for CELL001
2025-02-24 16:35:25.995 | WARNING  | agents.kpi_monitoring:monitor_kpis:13 - No numeric data found for CELL001. Ensure your data source contains numeric columns.
2025-02-24 16:35:25.998 | INFO     | agents.kpi_monitoring:monitor_kpis:7 - Monitoring KPIs for CELL001
2025-02-24 16:35:26.000 | WARNING  | agents.kpi_monitoring:monitor_kpis:13 - No numeric data found for CELL001. Ensure your data source contains numeric columns.
2025-02-24 16:35:26.018 | INFO     | agents.prediction:predict_kpis:9 - Generating predictions for CELL001
2025-02-24 16:35:26.021 | WARNING  | agents.prediction:predict_kpis:15 - No numeric data found for prediction in CELL001. Ensure your data source contains numeric columns.
2025-02-24 16:35:26.024 | INFO     | agents.prediction:predict_kpis:9 - Generating predictions for CELL001
2025-02-24 16:35:26.025 | WARNING  | agents.prediction:predict_kpis:15 - No numeric data found for prediction in CELL001. Ensure your data source contains numeric columns.
2025-02-24 16:35:26.302 | INFO     | utils.websocket:connect:12 - WebSocket connected
2025-02-24 16:35:27.312 | INFO     | utils.websocket:connect:12 - WebSocket connected
2025-02-24 16:49:59.045 | INFO     | utils.websocket:disconnect:17 - WebSocket disconnected
2025-02-24 16:49:59.379 | INFO     | utils.websocket:connect:12 - WebSocket connected
2025-02-24 16:49:59.384 | INFO     | agents.kpi_monitoring:monitor_kpis:7 - Monitoring KPIs for CELL001
2025-02-24 16:49:59.399 | WARNING  | agents.kpi_monitoring:monitor_kpis:13 - No numeric data found for CELL001. Ensure your data source contains numeric columns.
2025-02-24 16:49:59.413 | INFO     | agents.prediction:predict_kpis:9 - Generating predictions for CELL001
2025-02-24 16:49:59.417 | WARNING  | agents.prediction:predict_kpis:15 - No numeric data found for prediction in CELL001. Ensure your data source contains numeric columns.
2025-02-24 16:50:01.236 | INFO     | utils.websocket:connect:12 - WebSocket connected
2025-02-24 16:50:16.517 | INFO     | utils.websocket:disconnect:17 - WebSocket disconnected
2025-02-24 16:50:16.518 | INFO     | utils.websocket:disconnect:17 - WebSocket disconnected
2025-02-24 16:50:16.519 | INFO     | utils.websocket:disconnect:17 - WebSocket disconnected
2025-02-24 16:50:28.695 | INFO     | agents.kpi_monitoring:monitor_kpis:7 - Monitoring KPIs for CELL001
2025-02-24 16:50:28.699 | WARNING  | agents.kpi_monitoring:monitor_kpis:13 - No numeric data found for CELL001. Ensure your data source contains numeric columns.
2025-02-24 16:50:28.701 | INFO     | agents.kpi_monitoring:monitor_kpis:7 - Monitoring KPIs for CELL001
2025-02-24 16:50:28.703 | WARNING  | agents.kpi_monitoring:monitor_kpis:13 - No numeric data found for CELL001. Ensure your data source contains numeric columns.
2025-02-24 16:50:28.723 | INFO     | agents.prediction:predict_kpis:9 - Generating predictions for CELL001
2025-02-24 16:50:28.725 | WARNING  | agents.prediction:predict_kpis:15 - No numeric data found for prediction in CELL001. Ensure your data source contains numeric columns.
2025-02-24 16:50:28.727 | INFO     | agents.prediction:predict_kpis:9 - Generating predictions for CELL001
2025-02-24 16:50:28.728 | WARNING  | agents.prediction:predict_kpis:15 - No numeric data found for prediction in CELL001. Ensure your data source contains numeric columns.
2025-02-24 16:50:29.004 | INFO     | utils.websocket:connect:12 - WebSocket connected
2025-02-24 16:50:30.007 | INFO     | utils.websocket:connect:12 - WebSocket connected
